TN:
SF:.eslintrc.js
FNF:0
FNH:0
DA:1,0
LF:1
LH:0
BRDA:14,0,0,0
BRDA:14,0,1,0
BRDA:15,1,0,0
BRDA:15,1,1,0
BRF:4
BRH:0
end_of_record
TN:
SF:babel.config.js
FNF:0
FNH:0
DA:1,0
LF:1
LH:0
BRF:0
BRH:0
end_of_record
TN:
SF:src\App.vue
FN:27,(anonymous_1)
FN:28,(anonymous_3)
FN:30,(anonymous_5)
FN:42,(anonymous_6)
FN:47,(anonymous_7)
FN:51,(anonymous_8)
FN:55,(anonymous_9)
FN:62,(anonymous_10)
FN:66,(anonymous_11)
FN:71,(anonymous_12)
FN:78,(anonymous_13)
FNF:11
FNH:0
FNDA:0,(anonymous_1)
FNDA:0,(anonymous_3)
FNDA:0,(anonymous_5)
FNDA:0,(anonymous_6)
FNDA:0,(anonymous_7)
FNDA:0,(anonymous_8)
FNDA:0,(anonymous_9)
FNDA:0,(anonymous_10)
FNDA:0,(anonymous_11)
FNDA:0,(anonymous_12)
FNDA:0,(anonymous_13)
DA:27,0
DA:28,0
DA:31,0
DA:43,0
DA:48,0
DA:49,0
DA:52,0
DA:53,0
DA:57,0
DA:60,0
DA:63,0
DA:64,0
DA:67,0
DA:72,0
DA:73,0
DA:74,0
DA:75,0
DA:76,0
DA:79,0
DA:80,0
DA:81,0
DA:82,0
DA:83,0
LF:23
LH:0
BRF:0
BRH:0
end_of_record
TN:
SF:src\data.js
FNF:0
FNH:0
DA:1,0
LF:1
LH:0
BRF:0
BRH:0
end_of_record
TN:
SF:src\main.js
FN:18,(anonymous_0)
FNF:1
FNH:0
FNDA:0,(anonymous_0)
DA:11,0
DA:13,0
DA:14,0
DA:17,0
DA:18,0
LF:5
LH:0
BRF:0
BRH:0
end_of_record
TN:
SF:src\components\AddCategory.vue
FN:14,(anonymous_1)
FN:23,(anonymous_2)
FNF:2
FNH:0
FNDA:0,(anonymous_1)
FNDA:0,(anonymous_2)
DA:9,0
DA:15,0
DA:24,0
LF:3
LH:0
BRF:0
BRH:0
end_of_record
TN:
SF:src\components\AddPaymentForm.vue
FN:32,(anonymous_1)
FN:42,(anonymous_2)
FN:52,(anonymous_3)
FN:59,(anonymous_4)
FN:79,(anonymous_5)
FN:80,(anonymous_6)
FNF:6
FNH:5
FNDA:1,(anonymous_1)
FNDA:1,(anonymous_2)
FNDA:0,(anonymous_3)
FNDA:1,(anonymous_4)
FNDA:1,(anonymous_5)
FNDA:1,(anonymous_6)
DA:21,1
DA:33,1
DA:43,1
DA:44,1
DA:45,1
DA:46,1
DA:47,1
DA:53,0
DA:60,1
DA:61,1
DA:67,1
DA:68,0
DA:81,1
DA:82,0
DA:83,0
DA:86,0
LF:16
LH:11
BRDA:62,0,0,1
BRDA:62,0,1,0
BRDA:63,1,0,1
BRDA:63,1,1,1
BRDA:81,2,0,0
BRDA:81,2,1,1
BRF:6
BRH:4
end_of_record
TN:
SF:src\components\Calculator.vue
FN:33,(anonymous_1)
FN:45,(anonymous_2)
FN:50,(anonymous_3)
FN:54,(anonymous_4)
FN:55,(anonymous_5)
FN:56,(anonymous_6)
FN:57,(anonymous_7)
FN:61,(anonymous_8)
FN:64,(anonymous_9)
FN:67,(anonymous_10)
FN:70,(anonymous_11)
FN:73,(anonymous_12)
FNF:12
FNH:6
FNDA:6,(anonymous_1)
FNDA:0,(anonymous_2)
FNDA:4,(anonymous_3)
FNDA:1,(anonymous_4)
FNDA:1,(anonymous_5)
FNDA:1,(anonymous_6)
FNDA:1,(anonymous_7)
FNDA:0,(anonymous_8)
FNDA:0,(anonymous_9)
FNDA:0,(anonymous_10)
FNDA:0,(anonymous_11)
FNDA:0,(anonymous_12)
DA:33,6
DA:46,0
DA:47,0
DA:48,0
DA:51,4
DA:52,4
DA:53,4
DA:54,1
DA:55,1
DA:56,1
DA:57,1
DA:59,4
DA:62,0
DA:65,0
DA:68,0
DA:71,0
DA:74,0
DA:75,0
DA:76,0
LF:19
LH:9
BRDA:47,0,0,0
BRDA:47,0,1,0
BRDA:75,1,0,0
BRDA:75,1,1,0
BRF:4
BRH:0
end_of_record
TN:
SF:src\components\Edit.vue
FN:19,(anonymous_1)
FNF:1
FNH:0
FNDA:0,(anonymous_1)
DA:20,0
DA:21,0
LF:2
LH:0
BRF:0
BRH:0
end_of_record
TN:
SF:src\components\ModalWindowAddPaymentForm.vue
FN:20,(anonymous_1)
FN:21,(anonymous_3)
FN:22,(anonymous_5)
FN:28,(anonymous_7)
FNF:4
FNH:0
FNDA:0,(anonymous_1)
FNDA:0,(anonymous_3)
FNDA:0,(anonymous_5)
FNDA:0,(anonymous_7)
DA:20,0
DA:21,0
DA:22,0
DA:29,0
LF:4
LH:0
BRF:0
BRH:0
end_of_record
TN:
SF:src\components\Pagination.vue
FN:23,(anonymous_1)
FN:28,(anonymous_2)
FNF:2
FNH:0
FNDA:0,(anonymous_1)
FNDA:0,(anonymous_2)
DA:24,0
DA:29,0
DA:30,0
DA:32,0
LF:4
LH:0
BRDA:29,0,0,0
BRDA:29,0,1,0
BRDA:29,1,0,0
BRDA:29,1,1,0
BRF:4
BRH:0
end_of_record
TN:
SF:src\components\PaymentsDisplay.vue
FN:34,(anonymous_1)
FN:37,(anonymous_2)
FN:41,(anonymous_3)
FNF:3
FNH:0
FNDA:0,(anonymous_1)
FNDA:0,(anonymous_2)
FNDA:0,(anonymous_3)
DA:34,0
DA:38,0
DA:42,0
DA:43,0
LF:4
LH:0
BRF:0
BRH:0
end_of_record
TN:
SF:src\pages\PageAbout.vue
FN:10,(anonymous_1)
FN:16,(anonymous_2)
FNF:2
FNH:0
FNDA:0,(anonymous_1)
FNDA:0,(anonymous_2)
DA:11,0
DA:17,0
DA:18,0
LF:3
LH:0
BRF:0
BRH:0
end_of_record
TN:
SF:src\pages\PageDashboard.vue
FN:62,(anonymous_1)
FN:81,(anonymous_2)
FN:85,(anonymous_3)
FN:89,(anonymous_4)
FN:96,(anonymous_5)
FN:99,(anonymous_6)
FN:105,(anonymous_7)
FN:119,(anonymous_8)
FN:122,(anonymous_9)
FN:127,(anonymous_10)
FN:133,(anonymous_11)
FN:136,(anonymous_12)
FNF:12
FNH:0
FNDA:0,(anonymous_1)
FNDA:0,(anonymous_2)
FNDA:0,(anonymous_3)
FNDA:0,(anonymous_4)
FNDA:0,(anonymous_5)
FNDA:0,(anonymous_6)
FNDA:0,(anonymous_7)
FNDA:0,(anonymous_8)
FNDA:0,(anonymous_9)
FNDA:0,(anonymous_10)
FNDA:0,(anonymous_11)
FNDA:0,(anonymous_12)
DA:46,0
DA:47,0
DA:48,0
DA:49,0
DA:50,0
DA:63,0
DA:82,0
DA:83,0
DA:86,0
DA:87,0
DA:90,0
DA:91,0
DA:97,0
DA:100,0
DA:101,0
DA:102,0
DA:103,0
DA:106,0
DA:120,0
DA:123,0
DA:124,0
DA:128,0
DA:129,0
DA:130,0
DA:134,0
DA:137,0
LF:26
LH:0
BRDA:129,0,0,0
BRDA:129,0,1,0
BRDA:129,1,0,0
BRDA:129,1,1,0
BRDA:129,1,2,0
BRF:5
BRH:0
end_of_record
TN:
SF:src\pages\PageFoodCategory.vue
FN:15,(anonymous_1)
FN:29,(anonymous_2)
FNF:2
FNH:0
FNDA:0,(anonymous_1)
FNDA:0,(anonymous_2)
DA:11,0
DA:12,0
DA:16,0
DA:30,0
DA:31,0
LF:5
LH:0
BRF:0
BRH:0
end_of_record
TN:
SF:src\plugins\Edit\index.js
FN:2,(anonymous_0)
FN:17,(anonymous_1)
FN:21,(anonymous_2)
FN:26,(anonymous_3)
FNF:4
FNH:0
FNDA:0,(anonymous_0)
FNDA:0,(anonymous_1)
FNDA:0,(anonymous_2)
FNDA:0,(anonymous_3)
DA:3,0
DA:4,0
DA:6,0
DA:8,0
DA:18,0
DA:19,0
DA:22,0
DA:24,0
DA:27,0
LF:9
LH:0
BRDA:3,0,0,0
BRDA:3,0,1,0
BRF:2
BRH:0
end_of_record
TN:
SF:src\plugins\Modal\index.js
FN:2,(anonymous_0)
FN:12,(anonymous_1)
FN:16,(anonymous_2)
FNF:3
FNH:0
FNDA:0,(anonymous_0)
FNDA:0,(anonymous_1)
FNDA:0,(anonymous_2)
DA:3,0
DA:4,0
DA:6,0
DA:8,0
DA:13,0
DA:14,0
DA:17,0
DA:18,0
LF:8
LH:0
BRDA:3,0,0,0
BRDA:3,0,1,0
BRF:2
BRH:0
end_of_record
TN:
SF:src\router\index.js
FN:10,(anonymous_0)
FN:15,(anonymous_1)
FN:21,(anonymous_2)
FN:27,(anonymous_3)
FN:33,(anonymous_4)
FN:51,(anonymous_5)
FN:57,(anonymous_6)
FN:63,(anonymous_7)
FN:69,(anonymous_8)
FN:78,(anonymous_9)
FN:88,(anonymous_10)
FN:95,(anonymous_11)
FNF:12
FNH:0
FNDA:0,(anonymous_0)
FNDA:0,(anonymous_1)
FNDA:0,(anonymous_2)
FNDA:0,(anonymous_3)
FNDA:0,(anonymous_4)
FNDA:0,(anonymous_5)
FNDA:0,(anonymous_6)
FNDA:0,(anonymous_7)
FNDA:0,(anonymous_8)
FNDA:0,(anonymous_9)
FNDA:0,(anonymous_10)
FNDA:0,(anonymous_11)
DA:4,0
DA:6,0
DA:10,0
DA:15,0
DA:21,0
DA:27,0
DA:33,0
DA:51,0
DA:57,0
DA:63,0
DA:69,0
DA:77,0
DA:78,0
DA:79,0
DA:80,0
DA:84,0
DA:88,0
DA:89,0
DA:95,0
DA:96,0
LF:20
LH:0
BRDA:79,0,0,0
BRDA:79,0,1,0
BRDA:79,1,0,0
BRDA:79,1,1,0
BRF:4
BRH:0
end_of_record
TN:
SF:src\store\index.js
FN:14,(anonymous_0)
FN:17,(anonymous_1)
FN:20,(anonymous_2)
FN:23,(anonymous_3)
FN:26,(anonymous_4)
FN:31,(anonymous_5)
FN:32,(anonymous_6)
FN:33,(anonymous_7)
FN:35,(anonymous_8)
FN:36,(anonymous_9)
FN:41,(anonymous_10)
FN:47,(anonymous_11)
FN:48,(anonymous_12)
FN:52,(anonymous_13)
FN:56,(anonymous_14)
FN:59,(anonymous_15)
FN:60,(anonymous_16)
FN:64,(anonymous_17)
FN:67,(anonymous_18)
FN:79,(anonymous_19)
FNF:20
FNH:0
FNDA:0,(anonymous_0)
FNDA:0,(anonymous_1)
FNDA:0,(anonymous_2)
FNDA:0,(anonymous_3)
FNDA:0,(anonymous_4)
FNDA:0,(anonymous_5)
FNDA:0,(anonymous_6)
FNDA:0,(anonymous_7)
FNDA:0,(anonymous_8)
FNDA:0,(anonymous_9)
FNDA:0,(anonymous_10)
FNDA:0,(anonymous_11)
FNDA:0,(anonymous_12)
FNDA:0,(anonymous_13)
FNDA:0,(anonymous_14)
FNDA:0,(anonymous_15)
FNDA:0,(anonymous_16)
FNDA:0,(anonymous_17)
FNDA:0,(anonymous_18)
FNDA:0,(anonymous_19)
DA:6,0
DA:15,0
DA:18,0
DA:21,0
DA:24,0
DA:27,0
DA:31,0
DA:33,0
DA:35,0
DA:38,0
DA:44,0
DA:45,0
DA:47,0
DA:48,0
DA:50,0
DA:52,0
DA:59,0
DA:60,0
DA:61,0
DA:62,0
DA:64,0
DA:70,0
DA:73,0
DA:80,0
LF:24
LH:0
BRDA:44,0,0,0
BRDA:44,0,1,0
BRF:2
BRH:0
end_of_record
TN:
SF:src\store\dist\index.dev.js
FN:12,_interopRequireDefault
FNF:1
FNH:0
FNDA:0,_interopRequireDefault
DA:3,0
DA:6,0
DA:8,0
DA:10,0
DA:12,0
DA:14,0
DA:16,0
DA:26,0
LF:8
LH:0
BRDA:12,0,0,0
BRDA:12,0,1,0
BRDA:12,1,0,0
BRDA:12,1,1,0
BRF:4
BRH:0
end_of_record
TN:
SF:src\tests\TestCompVuex.vue
FN:12,(anonymous_1)
FN:19,(anonymous_2)
FNF:2
FNH:2
FNDA:1,(anonymous_1)
FNDA:1,(anonymous_2)
DA:9,1
DA:13,1
DA:20,1
DA:21,1
LF:4
LH:4
BRF:0
BRH:0
end_of_record
